<?xml version="1.0" encoding="UTF-8"?>
<!-- Generated by org.testng.reporters.JUnitReportReporter -->
<testsuite skipped="0" hostname="Gaurav" name="test.testgaurav.TestTimmer" tests="1" failures="0" timestamp="09 Apr 2018 09:23:42 GMT" time="67.051" errors="0">
  <testcase name="testing" time="67.051" classname="test.testgaurav.TestTimmer"/>
</testsuite> <!-- test.testgaurav.TestTimmer -->
