<?xml version="1.0" encoding="UTF-8"?>
<!-- Generated by org.testng.reporters.JUnitReportReporter -->
<testsuite skipped="0" hostname="Gaurav" name="test.testgaurav.Timmer" tests="1" failures="0" timestamp="09 Apr 2018 07:41:52 GMT" time="5.040" errors="0">
  <testcase name="testing" time="5.040" classname="test.testgaurav.Timmer"/>
</testsuite> <!-- test.testgaurav.Timmer -->
